<?xml version="1.0" encoding="UTF-8"?>
<!-- Generated by org.testng.reporters.JUnitReportReporter -->
<testsuite skipped="0" hostname="DESKTOP-E1E9EHH" name="com.demomavenprojectpractice.com.demomavenpractice.TestNGXMLParameters" tests="2" failures="0" timestamp="21 May 2020 12:07:13 GMT" time="3.630" errors="1">
  <testcase name="openurl" time="3.630" classname="com.demomavenprojectpractice.com.demomavenpractice.TestNGXMLParameters"/>
  <testcase name="clickurl" time="0.000" classname="com.demomavenprojectpractice.com.demomavenpractice.TestNGXMLParameters">
    <error type="org.testng.TestNGException" message="
Parameter &#039;username&#039; is required by @Test on method clickurl but has not been marked @Optional or defined
in C:\Users\ACER\AppData\Local\Temp\testng-eclipse-1640005561\testng-customsuite.xml">
      <![CDATA[org.testng.TestNGException: Parameter 'username' is required by @Test on method clickurl but has not been marked @Optional or definedin C:\Users\ACER\AppData\Local\Temp\testng-eclipse-1640005561\testng-customsuite.xmlat org.testng.internal.Parameters.createParams(Parameters.java:290)at org.testng.internal.Parameters.createParametersForMethod(Parameters.java:359)at org.testng.internal.Parameters.createParameters(Parameters.java:620)at org.testng.internal.Parameters.handleParameters(Parameters.java:769)at org.testng.internal.ParameterHandler.handleParameters(ParameterHandler.java:49)at org.testng.internal.ParameterHandler.createParameters(ParameterHandler.java:37)at org.testng.internal.Invoker.invokeTestMethods(Invoker.java:914)at org.testng.internal.TestMethodWorker.invokeTestMethods(TestMethodWorker.java:125)at org.testng.internal.TestMethodWorker.run(TestMethodWorker.java:109)at org.testng.TestRunner.privateRun(TestRunner.java:648)at org.testng.TestRunner.run(TestRunner.java:505)at org.testng.SuiteRunner.runTest(SuiteRunner.java:455)at org.testng.SuiteRunner.runSequentially(SuiteRunner.java:450)at org.testng.SuiteRunner.privateRun(SuiteRunner.java:415)at org.testng.SuiteRunner.run(SuiteRunner.java:364)at org.testng.SuiteRunnerWorker.runSuite(SuiteRunnerWorker.java:52)at org.testng.SuiteRunnerWorker.run(SuiteRunnerWorker.java:84)at org.testng.TestNG.runSuitesSequentially(TestNG.java:1187)at org.testng.TestNG.runSuitesLocally(TestNG.java:1116)at org.testng.TestNG.runSuites(TestNG.java:1028)at org.testng.TestNG.run(TestNG.java:996)at org.testng.remote.AbstractRemoteTestNG.run(AbstractRemoteTestNG.java:114)at org.testng.remote.RemoteTestNG.initAndRun(RemoteTestNG.java:251)at org.testng.remote.RemoteTestNG.main(RemoteTestNG.java:77)]]>
    </error>
  </testcase> <!-- clickurl -->
</testsuite> <!-- com.demomavenprojectpractice.com.demomavenpractice.TestNGXMLParameters -->
